<?xml version="1.0" encoding="utf-8"?><testsuites name="pytest tests"><testsuite name="pytest" errors="0" failures="0" skipped="0" tests="11" time="1.400" timestamp="2026-07-19T10:13:07.044800+00:00" hostname="agent-env-65b08ca7-1694-4d19-bbf9-8e7b1ed22d36"><testcase classname="tests.test_traces_api.TestListTraces" name="test_list_returns_three_samples" time="0.339" /><testcase classname="tests.test_traces_api.TestGetTrace" name="test_get_trace_by_id[for-loop-sum]" time="0.279" /><testcase classname="tests.test_traces_api.TestGetTrace" name="test_get_trace_by_id[if-else-grade]" time="0.095" /><testcase classname="tests.test_traces_api.TestListTraces" name="test_list_shape_fields" time="0.136" /><testcase classname="tests.test_traces_api.TestGetTrace" name="test_get_trace_by_id[while-countdown]" time="0.131" /><testcase classname="tests.test_traces_api.TestRoot" name="test_root" time="0.170" /><testcase classname="tests.test_traces_api.TestGetTrace" name="test_for_loop_sum_final_output_and_changes" time="0.094" /><testcase classname="tests.test_traces_api.TestGetTrace" name="test_if_else_grade_three_steps" time="0.102" /><testcase classname="tests.test_traces_api.TestCORS" name="test_cors_headers_present" time="0.066" /><testcase classname="tests.test_traces_api.TestGetTrace" name="test_while_countdown_last_step_and_output" time="0.131" /><testcase classname="tests.test_traces_api.TestGetTrace" name="test_get_trace_404_for_missing_id" time="0.096" /></testsuite></testsuites>